This file contains any messages produced by compilers while
running configure, to aid debugging if configure makes a mistake.

It was created by adolc configure 2.7.0-trunk, which was
generated by GNU Autoconf 2.69.  Invocation command line was

  $ ./configure --prefix=/Users/barbic/software/adolc_base

## --------- ##
## Platform. ##
## --------- ##

hostname = adria-3902.local
uname -m = x86_64
uname -r = 16.7.0
uname -s = Darwin
uname -v = Darwin Kernel Version 16.7.0: Thu Jan 11 22:59:40 PST 2018; root:xnu-3789.73.8~1/RELEASE_X86_64

/usr/bin/uname -p = i386
/bin/uname -X     = unknown

/bin/arch              = unknown
/usr/bin/arch -k       = unknown
/usr/convex/getsysinfo = unknown
/usr/bin/hostinfo      = Mach kernel version:
	 Darwin Kernel Version 16.7.0: Thu Jan 11 22:59:40 PST 2018; root:xnu-3789.73.8~1/RELEASE_X86_64
Kernel configured for up to 8 processors.
4 processors are physically available.
8 processors are logically available.
Processor type: x86_64h (Intel x86-64h Haswell)
Processors active: 0 1 2 3 4 5 6 7
Primary memory available: 16.00 gigabytes
Default processor set: 412 tasks, 2067 threads, 8 processors
Load average: 1.68, Mach factor: 6.31
/bin/machine           = unknown
/usr/bin/oslevel       = unknown
/bin/universe          = unknown

PATH: /opt/local/bin
PATH: /opt/local/sbin
PATH: /opt/local/bin
PATH: /opt/local/sbin
PATH: /sw/bin
PATH: /sw/sbin
PATH: /usr/bin
PATH: /bin
PATH: /usr/sbin
PATH: /sbin
PATH: /usr/local/bin
PATH: /opt/X11/bin
PATH: /Library/TeX/texbin
PATH: /Users/barbic/bin
PATH: /Users/barbic/code/hierarchicalModelReducedFEM/utilities/bin
PATH: /sw/bin
PATH: /opt/local/bin
PATH: /usr/local/teTeX/bin/i386-apple-darwin8.3.1
PATH: /Users/barbic/.rvm/gems/default/bin
PATH: /Users/barbic/.rvm/rubies/default/bin
PATH: /Users/barbic/.rvm/bin


## ----------- ##
## Core tests. ##
## ----------- ##

configure:2893: checking for a BSD-compatible install
configure:2961: result: /usr/bin/install -c
configure:2972: checking whether build environment is sane
configure:3027: result: yes
configure:3178: checking for a thread-safe mkdir -p
configure:3217: result: /usr/local/bin/gmkdir -p
configure:3224: checking for gawk
configure:3254: result: no
configure:3224: checking for mawk
configure:3254: result: no
configure:3224: checking for nawk
configure:3254: result: no
configure:3224: checking for awk
configure:3240: found /usr/bin/awk
configure:3251: result: awk
configure:3262: checking whether make sets $(MAKE)
configure:3284: result: yes
configure:3313: checking whether make supports nested variables
configure:3330: result: yes
configure:3467: checking whether make supports nested variables
configure:3484: result: yes
configure:3528: checking whether to build ADOL-C with adjoinable MPI (AMPI) support
configure:3537: result: no
configure:3553: checking whether to build ADOL-C with MeDiPack (MPI) support
configure:3562: result: no
configure:3638: checking for g++
configure:3654: found /opt/local/bin/g++
configure:3665: result: g++
configure:3692: checking for C++ compiler version
configure:3701: g++ --version >&5
g++ (MacPorts gcc49 4.9.4_2) 4.9.4
Copyright (C) 2015 Free Software Foundation, Inc.
This is free software; see the source for copying conditions.  There is NO
warranty; not even for MERCHANTABILITY or FITNESS FOR A PARTICULAR PURPOSE.

configure:3712: $? = 0
configure:3701: g++ -v >&5
Using built-in specs.
COLLECT_GCC=g++
COLLECT_LTO_WRAPPER=/opt/local/libexec/gcc/x86_64-apple-darwin16/4.9.4/lto-wrapper
Target: x86_64-apple-darwin16
Configured with: /opt/local/var/macports/build/_opt_bblocal_var_buildworker_ports_build_ports_lang_gcc49/gcc49/work/gcc-4.9.4/configure --prefix=/opt/local --build=x86_64-apple-darwin16 --enable-languages=c,c++,objc,obj-c++,lto,fortran,java --libdir=/opt/local/lib/gcc49 --includedir=/opt/local/include/gcc49 --infodir=/opt/local/share/info --mandir=/opt/local/share/man --datarootdir=/opt/local/share/gcc-4.9 --with-local-prefix=/opt/local --with-system-zlib --disable-nls --program-suffix=-mp-4.9 --with-gxx-include-dir=/opt/local/include/gcc49/c++/ --with-gmp=/opt/local --with-mpfr=/opt/local --with-mpc=/opt/local --with-isl=/opt/local --disable-isl-version-check --with-cloog=/opt/local --disable-cloog-version-check --enable-stage1-checking --disable-multilib --enable-lto --enable-libstdcxx-time --with-build-config=bootstrap-debug --with-as=/opt/local/bin/as --with-ld=/opt/local/bin/ld --with-ar=/opt/local/bin/ar --with-bugurl=https://trac.macports.org/newticket --disable-tls --with-pkgversion='MacPorts gcc49 4.9.4_2' --with-build-config=bootstrap-debug
Thread model: posix
gcc version 4.9.4 (MacPorts gcc49 4.9.4_2) 
configure:3712: $? = 0
configure:3701: g++ -V >&5
g++: error: unrecognized command line option '-V'
g++: fatal error: no input files
compilation terminated.
configure:3712: $? = 1
configure:3701: g++ -qversion >&5
g++: error: unrecognized command line option '-qversion'
g++: fatal error: no input files
compilation terminated.
configure:3712: $? = 1
configure:3732: checking whether the C++ compiler works
configure:3754: g++    conftest.cpp  >&5
configure:3758: $? = 0
configure:3806: result: yes
configure:3809: checking for C++ compiler default output file name
configure:3811: result: a.out
configure:3817: checking for suffix of executables
configure:3824: g++ -o conftest    conftest.cpp  >&5
configure:3828: $? = 0
configure:3850: result: 
configure:3872: checking whether we are cross compiling
configure:3880: g++ -o conftest    conftest.cpp  >&5
configure:3884: $? = 0
configure:3891: ./conftest
configure:3895: $? = 0
configure:3910: result: no
configure:3915: checking for suffix of object files
configure:3937: g++ -c   conftest.cpp >&5
configure:3941: $? = 0
configure:3962: result: o
configure:3966: checking whether we are using the GNU C++ compiler
configure:3985: g++ -c   conftest.cpp >&5
configure:3985: $? = 0
configure:3994: result: yes
configure:4003: checking whether g++ accepts -g
configure:4023: g++ -c -g  conftest.cpp >&5
configure:4023: $? = 0
configure:4064: result: yes
configure:4098: checking for style of include used by make
configure:4126: result: GNU
configure:4152: checking dependency style of g++
configure:4263: result: gcc3
configure:4286: checking whether g++ supports C++11 features by default
configure:4312: g++ -c -g -O2  conftest.cpp >&5
conftest.cpp:15:21: error: expected identifier before 'sizeof'
       static_assert(sizeof(int) <= sizeof(T), "not big enough");
                     ^
conftest.cpp:15:21: error: expected ',' or '...' before 'sizeof'
conftest.cpp:15:63: error: ISO C++ forbids declaration of 'static_assert' with no type [-fpermissive]
       static_assert(sizeof(int) <= sizeof(T), "not big enough");
                                                               ^
conftest.cpp:18:29: error: '>>' should be '> >' within a nested template argument list
     typedef check<check<bool>> right_angle_brackets;
                             ^
conftest.cpp:21:13: error: expected constructor, destructor, or type conversion before '(' token
     decltype(a) b;
             ^
conftest.cpp:25:15: error: expected unqualified-id before '&&' token
     check_type&& cr = static_cast<check_type&&>(c);
               ^
conftest.cpp:27:10: error: 'd' does not name a type
     auto d = a;
          ^
configure:4312: $? = 1
configure: failed program was:
| /* confdefs.h */
| #define PACKAGE_NAME "adolc"
| #define PACKAGE_TARNAME "adolc"
| #define PACKAGE_VERSION "2.7.0-trunk"
| #define PACKAGE_STRING "adolc 2.7.0-trunk"
| #define PACKAGE_BUGREPORT "adol-c@list.coin-or.org"
| #define PACKAGE_URL ""
| #define PACKAGE "adolc"
| #define VERSION "2.7.0-trunk"
| /* end confdefs.h.  */
| 
|   template <typename T>
|     struct check
|     {
|       static_assert(sizeof(int) <= sizeof(T), "not big enough");
|     };
| 
|     typedef check<check<bool>> right_angle_brackets;
| 
|     int a;
|     decltype(a) b;
| 
|     typedef check<int> check_type;
|     check_type c;
|     check_type&& cr = static_cast<check_type&&>(c);
| 
|     auto d = a;
| 
configure:4319: result: no
configure:4330: checking whether g++ supports C++11 features with -std=c++11
configure:4358: g++ -c -g -O2 -std=c++11  conftest.cpp >&5
configure:4358: $? = 0
configure:4367: result: yes
configure:4449: checking for gcc
configure:4465: found /opt/local/bin/gcc
configure:4476: result: gcc
configure:4705: checking for C compiler version
configure:4714: gcc --version >&5
gcc (MacPorts gcc49 4.9.4_2) 4.9.4
Copyright (C) 2015 Free Software Foundation, Inc.
This is free software; see the source for copying conditions.  There is NO
warranty; not even for MERCHANTABILITY or FITNESS FOR A PARTICULAR PURPOSE.

configure:4725: $? = 0
configure:4714: gcc -v >&5
Using built-in specs.
COLLECT_GCC=gcc
COLLECT_LTO_WRAPPER=/opt/local/libexec/gcc/x86_64-apple-darwin16/4.9.4/lto-wrapper
Target: x86_64-apple-darwin16
Configured with: /opt/local/var/macports/build/_opt_bblocal_var_buildworker_ports_build_ports_lang_gcc49/gcc49/work/gcc-4.9.4/configure --prefix=/opt/local --build=x86_64-apple-darwin16 --enable-languages=c,c++,objc,obj-c++,lto,fortran,java --libdir=/opt/local/lib/gcc49 --includedir=/opt/local/include/gcc49 --infodir=/opt/local/share/info --mandir=/opt/local/share/man --datarootdir=/opt/local/share/gcc-4.9 --with-local-prefix=/opt/local --with-system-zlib --disable-nls --program-suffix=-mp-4.9 --with-gxx-include-dir=/opt/local/include/gcc49/c++/ --with-gmp=/opt/local --with-mpfr=/opt/local --with-mpc=/opt/local --with-isl=/opt/local --disable-isl-version-check --with-cloog=/opt/local --disable-cloog-version-check --enable-stage1-checking --disable-multilib --enable-lto --enable-libstdcxx-time --with-build-config=bootstrap-debug --with-as=/opt/local/bin/as --with-ld=/opt/local/bin/ld --with-ar=/opt/local/bin/ar --with-bugurl=https://trac.macports.org/newticket --disable-tls --with-pkgversion='MacPorts gcc49 4.9.4_2' --with-build-config=bootstrap-debug
Thread model: posix
gcc version 4.9.4 (MacPorts gcc49 4.9.4_2) 
configure:4725: $? = 0
configure:4714: gcc -V >&5
gcc: error: unrecognized command line option '-V'
gcc: fatal error: no input files
compilation terminated.
configure:4725: $? = 1
configure:4714: gcc -qversion >&5
gcc: error: unrecognized command line option '-qversion'
gcc: fatal error: no input files
compilation terminated.
configure:4725: $? = 1
configure:4729: checking whether we are using the GNU C compiler
configure:4748: gcc -c   conftest.c >&5
configure:4748: $? = 0
configure:4757: result: yes
configure:4766: checking whether gcc accepts -g
configure:4786: gcc -c -g  conftest.c >&5
configure:4786: $? = 0
configure:4827: result: yes
configure:4844: checking for gcc option to accept ISO C89
configure:4907: gcc  -c -g -O2  conftest.c >&5
configure:4907: $? = 0
configure:4920: result: none needed
configure:4945: checking whether gcc understands -c and -o together
configure:4967: gcc -c conftest.c -o conftest2.o
configure:4970: $? = 0
configure:4967: gcc -c conftest.c -o conftest2.o
configure:4970: $? = 0
configure:4982: result: yes
configure:5001: checking dependency style of gcc
configure:5112: result: gcc3
configure:5128: checking whether gcc and cc understand -c and -o together
configure:5159: gcc -c conftest.c -o conftest2.o >&5
configure:5163: $? = 0
configure:5169: gcc -c conftest.c -o conftest2.o >&5
configure:5173: $? = 0
configure:5184: cc -c conftest.c >&5
configure:5188: $? = 0
configure:5196: cc -c conftest.c -o conftest2.o >&5
configure:5200: $? = 0
configure:5206: cc -c conftest.c -o conftest2.o >&5
configure:5210: $? = 0
configure:5228: result: yes
configure:5238: checking for gcc option to accept ISO C99
configure:5387: gcc  -c -g -O2  conftest.c >&5
conftest.c:62:29: error: expected ';', ',' or ')' before 'text'
 test_restrict (ccp restrict text)
                             ^
conftest.c: In function 'main':
conftest.c:116:18: error: expected '=', ',', ';', 'asm' or '__attribute__' before 'newvar'
   char *restrict newvar = "Another string";
                  ^
conftest.c:116:18: error: 'newvar' undeclared (first use in this function)
conftest.c:116:18: note: each undeclared identifier is reported only once for each function it appears in
conftest.c:126:3: error: 'for' loop initial declarations are only allowed in C99 or C11 mode
   for (int i = 0; i < ia->datasize; ++i)
   ^
conftest.c:126:3: note: use option -std=c99, -std=gnu99, -std=c11 or -std=gnu11 to compile your code
configure:5387: $? = 1
configure: failed program was:
| /* confdefs.h */
| #define PACKAGE_NAME "adolc"
| #define PACKAGE_TARNAME "adolc"
| #define PACKAGE_VERSION "2.7.0-trunk"
| #define PACKAGE_STRING "adolc 2.7.0-trunk"
| #define PACKAGE_BUGREPORT "adol-c@list.coin-or.org"
| #define PACKAGE_URL ""
| #define PACKAGE "adolc"
| #define VERSION "2.7.0-trunk"
| #define HAVE_CXX11 1
| /* end confdefs.h.  */
| #include <stdarg.h>
| #include <stdbool.h>
| #include <stdlib.h>
| #include <wchar.h>
| #include <stdio.h>
| 
| // Check varargs macros.  These examples are taken from C99 6.10.3.5.
| #define debug(...) fprintf (stderr, __VA_ARGS__)
| #define showlist(...) puts (#__VA_ARGS__)
| #define report(test,...) ((test) ? puts (#test) : printf (__VA_ARGS__))
| static void
| test_varargs_macros (void)
| {
|   int x = 1234;
|   int y = 5678;
|   debug ("Flag");
|   debug ("X = %d\n", x);
|   showlist (The first, second, and third items.);
|   report (x>y, "x is %d but y is %d", x, y);
| }
| 
| // Check long long types.
| #define BIG64 18446744073709551615ull
| #define BIG32 4294967295ul
| #define BIG_OK (BIG64 / BIG32 == 4294967297ull && BIG64 % BIG32 == 0)
| #if !BIG_OK
|   your preprocessor is broken;
| #endif
| #if BIG_OK
| #else
|   your preprocessor is broken;
| #endif
| static long long int bignum = -9223372036854775807LL;
| static unsigned long long int ubignum = BIG64;
| 
| struct incomplete_array
| {
|   int datasize;
|   double data[];
| };
| 
| struct named_init {
|   int number;
|   const wchar_t *name;
|   double average;
| };
| 
| typedef const char *ccp;
| 
| static inline int
| test_restrict (ccp restrict text)
| {
|   // See if C++-style comments work.
|   // Iterate through items via the restricted pointer.
|   // Also check for declarations in for loops.
|   for (unsigned int i = 0; *(text+i) != '\0'; ++i)
|     continue;
|   return 0;
| }
| 
| // Check varargs and va_copy.
| static void
| test_varargs (const char *format, ...)
| {
|   va_list args;
|   va_start (args, format);
|   va_list args_copy;
|   va_copy (args_copy, args);
| 
|   const char *str;
|   int number;
|   float fnumber;
| 
|   while (*format)
|     {
|       switch (*format++)
| 	{
| 	case 's': // string
| 	  str = va_arg (args_copy, const char *);
| 	  break;
| 	case 'd': // int
| 	  number = va_arg (args_copy, int);
| 	  break;
| 	case 'f': // float
| 	  fnumber = va_arg (args_copy, double);
| 	  break;
| 	default:
| 	  break;
| 	}
|     }
|   va_end (args_copy);
|   va_end (args);
| }
| 
| int
| main ()
| {
| 
|   // Check bool.
|   _Bool success = false;
| 
|   // Check restrict.
|   if (test_restrict ("String literal") == 0)
|     success = true;
|   char *restrict newvar = "Another string";
| 
|   // Check varargs.
|   test_varargs ("s, d' f .", "string", 65, 34.234);
|   test_varargs_macros ();
| 
|   // Check flexible array members.
|   struct incomplete_array *ia =
|     malloc (sizeof (struct incomplete_array) + (sizeof (double) * 10));
|   ia->datasize = 10;
|   for (int i = 0; i < ia->datasize; ++i)
|     ia->data[i] = i * 1.234;
| 
|   // Check named initializers.
|   struct named_init ni = {
|     .number = 34,
|     .name = L"Test wide string",
|     .average = 543.34343,
|   };
| 
|   ni.number = 58;
| 
|   int dynamic_array[ni.number];
|   dynamic_array[ni.number - 1] = 543;
| 
|   // work around unused variable warnings
|   return (!success || bignum == 0LL || ubignum == 0uLL || newvar[0] == 'x'
| 	  || dynamic_array[ni.number - 1] != 543);
| 
|   ;
|   return 0;
| }
configure:5387: gcc -std=gnu99 -c -g -O2  conftest.c >&5
configure:5387: $? = 0
configure:5407: result: -std=gnu99
configure:5420: checking how to run the C preprocessor
configure:5451: gcc -std=gnu99 -E  conftest.c
configure:5451: $? = 0
configure:5465: gcc -std=gnu99 -E  conftest.c
conftest.c:12:28: fatal error: ac_nonexistent.h: No such file or directory
 #include <ac_nonexistent.h>
                            ^
compilation terminated.
configure:5465: $? = 1
configure: failed program was:
| /* confdefs.h */
| #define PACKAGE_NAME "adolc"
| #define PACKAGE_TARNAME "adolc"
| #define PACKAGE_VERSION "2.7.0-trunk"
| #define PACKAGE_STRING "adolc 2.7.0-trunk"
| #define PACKAGE_BUGREPORT "adol-c@list.coin-or.org"
| #define PACKAGE_URL ""
| #define PACKAGE "adolc"
| #define VERSION "2.7.0-trunk"
| #define HAVE_CXX11 1
| /* end confdefs.h.  */
| #include <ac_nonexistent.h>
configure:5490: result: gcc -std=gnu99 -E
configure:5510: gcc -std=gnu99 -E  conftest.c
configure:5510: $? = 0
configure:5524: gcc -std=gnu99 -E  conftest.c
conftest.c:12:28: fatal error: ac_nonexistent.h: No such file or directory
 #include <ac_nonexistent.h>
                            ^
compilation terminated.
configure:5524: $? = 1
configure: failed program was:
| /* confdefs.h */
| #define PACKAGE_NAME "adolc"
| #define PACKAGE_TARNAME "adolc"
| #define PACKAGE_VERSION "2.7.0-trunk"
| #define PACKAGE_STRING "adolc 2.7.0-trunk"
| #define PACKAGE_BUGREPORT "adol-c@list.coin-or.org"
| #define PACKAGE_URL ""
| #define PACKAGE "adolc"
| #define VERSION "2.7.0-trunk"
| #define HAVE_CXX11 1
| /* end confdefs.h.  */
| #include <ac_nonexistent.h>
configure:5553: checking whether ln -s works
configure:5557: result: yes
configure:5564: checking whether make sets $(MAKE)
configure:5586: result: yes
configure:5624: checking build system type
configure:5638: result: x86_64-apple-darwin16.7.0
configure:5658: checking host system type
configure:5671: result: x86_64-apple-darwin16.7.0
configure:5712: checking how to print strings
configure:5739: result: printf
configure:5760: checking for a sed that does not truncate output
configure:5824: result: /usr/bin/sed
configure:5842: checking for grep that handles long lines and -e
configure:5900: result: /usr/bin/grep
configure:5905: checking for egrep
configure:5967: result: /usr/bin/grep -E
configure:5972: checking for fgrep
configure:6034: result: /usr/bin/grep -F
configure:6069: checking for ld used by gcc -std=gnu99
configure:6136: result: /opt/local/bin/ld
configure:6143: checking if the linker (/opt/local/bin/ld) is GNU ld
configure:6158: result: no
configure:6170: checking for BSD- or MS-compatible name lister (nm)
configure:6224: result: /opt/local/bin/nm -B
configure:6354: checking the name lister (/opt/local/bin/nm -B) interface
configure:6361: gcc -std=gnu99 -c -g -O2  conftest.c >&5
configure:6364: /opt/local/bin/nm -B "conftest.o"
configure:6367: output
00000000000001bc S _some_variable
configure:6374: result: BSD nm
configure:6378: checking the maximum length of command line arguments
configure:6509: result: 196608
configure:6557: checking how to convert x86_64-apple-darwin16.7.0 file names to x86_64-apple-darwin16.7.0 format
configure:6597: result: func_convert_file_noop
configure:6604: checking how to convert x86_64-apple-darwin16.7.0 file names to toolchain format
configure:6624: result: func_convert_file_noop
configure:6631: checking for /opt/local/bin/ld option to reload object files
configure:6638: result: -r
configure:6712: checking for objdump
configure:6728: found /usr/bin/objdump
configure:6739: result: objdump
configure:6768: checking how to recognize dependent libraries
configure:6968: result: pass_all
configure:7053: checking for dlltool
configure:7083: result: no
configure:7110: checking how to associate runtime and link libraries
configure:7137: result: printf %s\n
configure:7198: checking for ar
configure:7214: found /opt/local/bin/ar
configure:7225: result: ar
configure:7262: checking for archiver @FILE support
configure:7279: gcc -std=gnu99 -c -g -O2  conftest.c >&5
configure:7279: $? = 0
configure:7282: ar cru libconftest.a @conftest.lst >&5
ar: @conftest.lst: No such file or directory
configure:7285: $? = 1
configure:7305: result: no
configure:7363: checking for strip
configure:7379: found /opt/local/bin/strip
configure:7390: result: strip
configure:7462: checking for ranlib
configure:7478: found /opt/local/bin/ranlib
configure:7489: result: ranlib
configure:7591: checking command to parse /opt/local/bin/nm -B output from gcc -std=gnu99 object
configure:7744: gcc -std=gnu99 -c -g -O2  conftest.c >&5
configure:7747: $? = 0
configure:7751: /opt/local/bin/nm -B conftest.o \| sed -n -e 's/^.*[ ]\([BCDEGRST][BCDEGRST]*\)[ ][ ]*\([_A-Za-z][_A-Za-z0-9]*\)$/\1 \2 \2/p' | sed '/ __gnu_lto/d' \> conftest.nm
configure:7754: $? = 0
cannot find nm_test_var in conftest.nm
configure:7744: gcc -std=gnu99 -c -g -O2  conftest.c >&5
configure:7747: $? = 0
configure:7751: /opt/local/bin/nm -B conftest.o \| sed -n -e 's/^.*[ ]\([BCDEGRST][BCDEGRST]*\)[ ][ ]*_\([_A-Za-z][_A-Za-z0-9]*\)$/\1 _\2 \2/p' | sed '/ __gnu_lto/d' \> conftest.nm
configure:7754: $? = 0
configure:7820: gcc -std=gnu99 -o conftest -g -O2   conftest.c conftstm.o >&5
warning: (x86_64)  could not find object file symbol for symbol _main
configure:7823: $? = 0
configure:7861: result: ok
configure:7908: checking for sysroot
configure:7938: result: no
configure:7945: checking for a working dd
configure:7983: result: /bin/dd
configure:7987: checking how to truncate binary pipes
configure:8002: result: /bin/dd bs=4096 count=1
configure:8331: checking for mt
configure:8361: result: no
configure:8381: checking if : is a manifest tool
configure:8387: : '-?'
configure:8395: result: no
configure:8451: checking for dsymutil
configure:8467: found /usr/bin/dsymutil
configure:8478: result: dsymutil
configure:8543: checking for nmedit
configure:8559: found /opt/local/bin/nmedit
configure:8570: result: nmedit
configure:8635: checking for lipo
configure:8651: found /opt/local/bin/lipo
configure:8662: result: lipo
configure:8727: checking for otool
configure:8743: found /opt/local/bin/otool
configure:8754: result: otool
configure:8819: checking for otool64
configure:8849: result: no
configure:8894: checking for -single_module linker flag
gcc -std=gnu99 -g -O2  -o libconftest.dylib -dynamiclib -Wl,-single_module conftest.c
configure:8927: result: yes
configure:8930: checking for -exported_symbols_list linker flag
configure:8950: gcc -std=gnu99 -o conftest -g -O2   -Wl,-exported_symbols_list,conftest.sym conftest.c  >&5
configure:8950: $? = 0
configure:8960: result: yes
configure:8963: checking for -force_load linker flag
gcc -std=gnu99 -g -O2 -c -o conftest.o conftest.c
ar cru libconftest.a conftest.o
ranlib libconftest.a
gcc -std=gnu99 -g -O2  -o conftest conftest.c -Wl,-force_load,./libconftest.a
configure:8995: result: yes
configure:9068: checking for ANSI C header files
configure:9088: gcc -std=gnu99 -c -g -O2  conftest.c >&5
configure:9088: $? = 0
configure:9161: gcc -std=gnu99 -o conftest -g -O2   conftest.c  >&5
configure:9161: $? = 0
configure:9161: ./conftest
configure:9161: $? = 0
configure:9172: result: yes
configure:9185: checking for sys/types.h
configure:9185: gcc -std=gnu99 -c -g -O2  conftest.c >&5
configure:9185: $? = 0
configure:9185: result: yes
configure:9185: checking for sys/stat.h
configure:9185: gcc -std=gnu99 -c -g -O2  conftest.c >&5
configure:9185: $? = 0
configure:9185: result: yes
configure:9185: checking for stdlib.h
configure:9185: gcc -std=gnu99 -c -g -O2  conftest.c >&5
configure:9185: $? = 0
configure:9185: result: yes
configure:9185: checking for string.h
configure:9185: gcc -std=gnu99 -c -g -O2  conftest.c >&5
configure:9185: $? = 0
configure:9185: result: yes
configure:9185: checking for memory.h
configure:9185: gcc -std=gnu99 -c -g -O2  conftest.c >&5
configure:9185: $? = 0
configure:9185: result: yes
configure:9185: checking for strings.h
configure:9185: gcc -std=gnu99 -c -g -O2  conftest.c >&5
configure:9185: $? = 0
configure:9185: result: yes
configure:9185: checking for inttypes.h
configure:9185: gcc -std=gnu99 -c -g -O2  conftest.c >&5
configure:9185: $? = 0
configure:9185: result: yes
configure:9185: checking for stdint.h
configure:9185: gcc -std=gnu99 -c -g -O2  conftest.c >&5
configure:9185: $? = 0
configure:9185: result: yes
configure:9185: checking for unistd.h
configure:9185: gcc -std=gnu99 -c -g -O2  conftest.c >&5
configure:9185: $? = 0
configure:9185: result: yes
configure:9199: checking for dlfcn.h
configure:9199: gcc -std=gnu99 -c -g -O2  conftest.c >&5
configure:9199: $? = 0
configure:9199: result: yes
configure:9761: checking for objdir
configure:9776: result: .libs
configure:10040: checking if gcc -std=gnu99 supports -fno-rtti -fno-exceptions
configure:10058: gcc -std=gnu99 -c -g -O2  -fno-rtti -fno-exceptions conftest.c >&5
cc1: warning: command line option '-fno-rtti' is valid for C++/ObjC++ but not for C
configure:10062: $? = 0
configure:10075: result: no
configure:10433: checking for gcc -std=gnu99 option to produce PIC
configure:10440: result: -fno-common -DPIC
configure:10448: checking if gcc -std=gnu99 PIC flag -fno-common -DPIC works
configure:10466: gcc -std=gnu99 -c -g -O2  -fno-common -DPIC -DPIC conftest.c >&5
configure:10470: $? = 0
configure:10483: result: yes
configure:10512: checking if gcc -std=gnu99 static flag -static works
configure:10540: result: no
configure:10555: checking if gcc -std=gnu99 supports -c -o file.o
configure:10576: gcc -std=gnu99 -c -g -O2  -o out/conftest2.o conftest.c >&5
configure:10580: $? = 0
configure:10602: result: yes
configure:10610: checking if gcc -std=gnu99 supports -c -o file.o
configure:10657: result: yes
configure:10690: checking whether the gcc -std=gnu99 linker (/opt/local/bin/ld) supports shared libraries
configure:11949: result: yes
configure:12189: checking dynamic linker characteristics
configure:13007: result: darwin16.7.0 dyld
configure:13129: checking how to hardcode library paths into programs
configure:13154: result: immediate
configure:13199: checking for dlopen in -ldl
configure:13224: gcc -std=gnu99 -o conftest -g -O2   conftest.c -ldl   >&5
configure:13224: $? = 0
configure:13233: result: yes
configure:13456: checking whether a program can dlopen itself
configure:13536: gcc -std=gnu99 -o conftest -g -O2  -DHAVE_DLFCN_H   conftest.c -ldl  >&5
configure:13539: $? = 0
configure:13557: result: yes
configure:13562: checking whether a statically linked program can dlopen itself
configure:13642: gcc -std=gnu99 -o conftest -g -O2  -DHAVE_DLFCN_H    conftest.c -ldl  >&5
configure:13645: $? = 0
configure:13663: result: yes
configure:13702: checking whether stripping libraries is possible
configure:13716: result: yes
configure:13742: checking if libtool supports shared libraries
configure:13744: result: yes
configure:13747: checking whether to build shared libraries
configure:13772: result: yes
configure:13775: checking whether to build static libraries
configure:13779: result: no
configure:13802: checking how to run the C++ preprocessor
configure:13829: g++ -E  conftest.cpp
configure:13829: $? = 0
configure:13843: g++ -E  conftest.cpp
conftest.cpp:24:28: fatal error: ac_nonexistent.h: No such file or directory
 #include <ac_nonexistent.h>
                            ^
compilation terminated.
configure:13843: $? = 1
configure: failed program was:
| /* confdefs.h */
| #define PACKAGE_NAME "adolc"
| #define PACKAGE_TARNAME "adolc"
| #define PACKAGE_VERSION "2.7.0-trunk"
| #define PACKAGE_STRING "adolc 2.7.0-trunk"
| #define PACKAGE_BUGREPORT "adol-c@list.coin-or.org"
| #define PACKAGE_URL ""
| #define PACKAGE "adolc"
| #define VERSION "2.7.0-trunk"
| #define HAVE_CXX11 1
| #define STDC_HEADERS 1
| #define HAVE_SYS_TYPES_H 1
| #define HAVE_SYS_STAT_H 1
| #define HAVE_STDLIB_H 1
| #define HAVE_STRING_H 1
| #define HAVE_MEMORY_H 1
| #define HAVE_STRINGS_H 1
| #define HAVE_INTTYPES_H 1
| #define HAVE_STDINT_H 1
| #define HAVE_UNISTD_H 1
| #define HAVE_DLFCN_H 1
| #define LT_OBJDIR ".libs/"
| /* end confdefs.h.  */
| #include <ac_nonexistent.h>
configure:13868: result: g++ -E
configure:13888: g++ -E  conftest.cpp
configure:13888: $? = 0
configure:13902: g++ -E  conftest.cpp
conftest.cpp:24:28: fatal error: ac_nonexistent.h: No such file or directory
 #include <ac_nonexistent.h>
                            ^
compilation terminated.
configure:13902: $? = 1
configure: failed program was:
| /* confdefs.h */
| #define PACKAGE_NAME "adolc"
| #define PACKAGE_TARNAME "adolc"
| #define PACKAGE_VERSION "2.7.0-trunk"
| #define PACKAGE_STRING "adolc 2.7.0-trunk"
| #define PACKAGE_BUGREPORT "adol-c@list.coin-or.org"
| #define PACKAGE_URL ""
| #define PACKAGE "adolc"
| #define VERSION "2.7.0-trunk"
| #define HAVE_CXX11 1
| #define STDC_HEADERS 1
| #define HAVE_SYS_TYPES_H 1
| #define HAVE_SYS_STAT_H 1
| #define HAVE_STDLIB_H 1
| #define HAVE_STRING_H 1
| #define HAVE_MEMORY_H 1
| #define HAVE_STRINGS_H 1
| #define HAVE_INTTYPES_H 1
| #define HAVE_STDINT_H 1
| #define HAVE_UNISTD_H 1
| #define HAVE_DLFCN_H 1
| #define LT_OBJDIR ".libs/"
| /* end confdefs.h.  */
| #include <ac_nonexistent.h>
configure:14064: checking for ld used by g++
configure:14131: result: /opt/local/bin/ld
configure:14138: checking if the linker (/opt/local/bin/ld) is GNU ld
configure:14153: result: no
configure:14208: checking whether the g++ linker (/opt/local/bin/ld) supports shared libraries
configure:15281: result: yes
configure:15317: g++ -c -g -O2 -std=c++11  conftest.cpp >&5
configure:15320: $? = 0
configure:15801: checking for g++ option to produce PIC
configure:15808: result: -fno-common -DPIC
configure:15816: checking if g++ PIC flag -fno-common -DPIC works
configure:15834: g++ -c -g -O2 -std=c++11  -fno-common -DPIC -DPIC conftest.cpp >&5
configure:15838: $? = 0
configure:15851: result: yes
configure:15874: checking if g++ static flag -static works
configure:15902: result: no
configure:15914: checking if g++ supports -c -o file.o
configure:15935: g++ -c -g -O2 -std=c++11  -o out/conftest2.o conftest.cpp >&5
configure:15939: $? = 0
configure:15961: result: yes
configure:15966: checking if g++ supports -c -o file.o
configure:16013: result: yes
configure:16043: checking whether the g++ linker (/opt/local/bin/ld) supports shared libraries
configure:16083: result: yes
configure:16224: checking dynamic linker characteristics
configure:16969: result: darwin16.7.0 dyld
configure:17034: checking how to hardcode library paths into programs
configure:17059: result: immediate
configure:17210: checking size of void *
configure:17215: gcc -std=gnu99 -o conftest -g -O2   conftest.c  >&5
configure:17215: $? = 0
configure:17215: ./conftest
configure:17215: $? = 0
configure:17229: result: 8
configure:17252: checking for __builtin_expect
configure:17275: gcc -std=gnu99 -o conftest -g -O2   conftest.c  >&5
configure:17275: $? = 0
configure:17277: result: yes
configure:17294: checking for ANSI C header files
configure:17398: result: yes
configure:17406: checking whether time.h and sys/time.h may both be included
configure:17426: gcc -std=gnu99 -c -g -O2  conftest.c >&5
configure:17426: $? = 0
configure:17433: result: yes
configure:17441: checking for stdbool.h that conforms to C99
configure:17508: gcc -std=gnu99 -c -g -O2  conftest.c >&5
configure:17508: $? = 0
configure:17515: result: yes
configure:17517: checking for _Bool
configure:17517: gcc -std=gnu99 -c -g -O2  conftest.c >&5
configure:17517: $? = 0
configure:17517: gcc -std=gnu99 -c -g -O2  conftest.c >&5
conftest.c: In function 'main':
conftest.c:64:20: error: expected expression before ')' token
 if (sizeof ((_Bool)))
                    ^
configure:17517: $? = 1
configure: failed program was:
| /* confdefs.h */
| #define PACKAGE_NAME "adolc"
| #define PACKAGE_TARNAME "adolc"
| #define PACKAGE_VERSION "2.7.0-trunk"
| #define PACKAGE_STRING "adolc 2.7.0-trunk"
| #define PACKAGE_BUGREPORT "adol-c@list.coin-or.org"
| #define PACKAGE_URL ""
| #define PACKAGE "adolc"
| #define VERSION "2.7.0-trunk"
| #define HAVE_CXX11 1
| #define STDC_HEADERS 1
| #define HAVE_SYS_TYPES_H 1
| #define HAVE_SYS_STAT_H 1
| #define HAVE_STDLIB_H 1
| #define HAVE_STRING_H 1
| #define HAVE_MEMORY_H 1
| #define HAVE_STRINGS_H 1
| #define HAVE_INTTYPES_H 1
| #define HAVE_STDINT_H 1
| #define HAVE_UNISTD_H 1
| #define HAVE_DLFCN_H 1
| #define LT_OBJDIR ".libs/"
| #define SIZEOF_VOID_P 8
| #define HAVE_BUILTIN_EXPECT 1
| #define STDC_HEADERS 1
| #define TIME_WITH_SYS_TIME 1
| /* end confdefs.h.  */
| #include <stdio.h>
| #ifdef HAVE_SYS_TYPES_H
| # include <sys/types.h>
| #endif
| #ifdef HAVE_SYS_STAT_H
| # include <sys/stat.h>
| #endif
| #ifdef STDC_HEADERS
| # include <stdlib.h>
| # include <stddef.h>
| #else
| # ifdef HAVE_STDLIB_H
| #  include <stdlib.h>
| # endif
| #endif
| #ifdef HAVE_STRING_H
| # if !defined STDC_HEADERS && defined HAVE_MEMORY_H
| #  include <memory.h>
| # endif
| # include <string.h>
| #endif
| #ifdef HAVE_STRINGS_H
| # include <strings.h>
| #endif
| #ifdef HAVE_INTTYPES_H
| # include <inttypes.h>
| #endif
| #ifdef HAVE_STDINT_H
| # include <stdint.h>
| #endif
| #ifdef HAVE_UNISTD_H
| # include <unistd.h>
| #endif
| int
| main ()
| {
| if (sizeof ((_Bool)))
| 	    return 0;
|   ;
|   return 0;
| }
configure:17517: result: yes
configure:17537: checking stddef.h usability
configure:17537: gcc -std=gnu99 -c -g -O2  conftest.c >&5
configure:17537: $? = 0
configure:17537: result: yes
configure:17537: checking stddef.h presence
configure:17537: gcc -std=gnu99 -E  conftest.c
configure:17537: $? = 0
configure:17537: result: yes
configure:17537: checking for stddef.h
configure:17537: result: yes
configure:17537: checking for stdlib.h
configure:17537: result: yes
configure:17537: checking stdio.h usability
configure:17537: gcc -std=gnu99 -c -g -O2  conftest.c >&5
configure:17537: $? = 0
configure:17537: result: yes
configure:17537: checking stdio.h presence
configure:17537: gcc -std=gnu99 -E  conftest.c
configure:17537: $? = 0
configure:17537: result: yes
configure:17537: checking for stdio.h
configure:17537: result: yes
configure:17537: checking for string.h
configure:17537: result: yes
configure:17537: checking for unistd.h
configure:17537: result: yes
configure:17537: checking sys/timeb.h usability
configure:17537: gcc -std=gnu99 -c -g -O2  conftest.c >&5
configure:17537: $? = 0
configure:17537: result: yes
configure:17537: checking sys/timeb.h presence
configure:17537: gcc -std=gnu99 -E  conftest.c
configure:17537: $? = 0
configure:17537: result: yes
configure:17537: checking for sys/timeb.h
configure:17537: result: yes
configure:17549: checking for an ANSI C-conforming const
configure:17615: gcc -std=gnu99 -c -g -O2  conftest.c >&5
configure:17615: $? = 0
configure:17622: result: yes
configure:17630: checking for inline
configure:17646: gcc -std=gnu99 -c -g -O2  conftest.c >&5
configure:17646: $? = 0
configure:17654: result: inline
configure:17672: checking for size_t
configure:17672: gcc -std=gnu99 -c -g -O2  conftest.c >&5
configure:17672: $? = 0
configure:17672: gcc -std=gnu99 -c -g -O2  conftest.c >&5
conftest.c: In function 'main':
conftest.c:72:21: error: expected expression before ')' token
 if (sizeof ((size_t)))
                     ^
configure:17672: $? = 1
configure: failed program was:
| /* confdefs.h */
| #define PACKAGE_NAME "adolc"
| #define PACKAGE_TARNAME "adolc"
| #define PACKAGE_VERSION "2.7.0-trunk"
| #define PACKAGE_STRING "adolc 2.7.0-trunk"
| #define PACKAGE_BUGREPORT "adol-c@list.coin-or.org"
| #define PACKAGE_URL ""
| #define PACKAGE "adolc"
| #define VERSION "2.7.0-trunk"
| #define HAVE_CXX11 1
| #define STDC_HEADERS 1
| #define HAVE_SYS_TYPES_H 1
| #define HAVE_SYS_STAT_H 1
| #define HAVE_STDLIB_H 1
| #define HAVE_STRING_H 1
| #define HAVE_MEMORY_H 1
| #define HAVE_STRINGS_H 1
| #define HAVE_INTTYPES_H 1
| #define HAVE_STDINT_H 1
| #define HAVE_UNISTD_H 1
| #define HAVE_DLFCN_H 1
| #define LT_OBJDIR ".libs/"
| #define SIZEOF_VOID_P 8
| #define HAVE_BUILTIN_EXPECT 1
| #define STDC_HEADERS 1
| #define TIME_WITH_SYS_TIME 1
| #define HAVE__BOOL 1
| #define HAVE_STDBOOL_H 1
| #define HAVE_STDDEF_H 1
| #define HAVE_STDLIB_H 1
| #define HAVE_STDIO_H 1
| #define HAVE_STRING_H 1
| #define HAVE_UNISTD_H 1
| #define HAVE_SYS_TIMEB_H 1
| /* end confdefs.h.  */
| #include <stdio.h>
| #ifdef HAVE_SYS_TYPES_H
| # include <sys/types.h>
| #endif
| #ifdef HAVE_SYS_STAT_H
| # include <sys/stat.h>
| #endif
| #ifdef STDC_HEADERS
| # include <stdlib.h>
| # include <stddef.h>
| #else
| # ifdef HAVE_STDLIB_H
| #  include <stdlib.h>
| # endif
| #endif
| #ifdef HAVE_STRING_H
| # if !defined STDC_HEADERS && defined HAVE_MEMORY_H
| #  include <memory.h>
| # endif
| # include <string.h>
| #endif
| #ifdef HAVE_STRINGS_H
| # include <strings.h>
| #endif
| #ifdef HAVE_INTTYPES_H
| # include <inttypes.h>
| #endif
| #ifdef HAVE_STDINT_H
| # include <stdint.h>
| #endif
| #ifdef HAVE_UNISTD_H
| # include <unistd.h>
| #endif
| int
| main ()
| {
| if (sizeof ((size_t)))
| 	    return 0;
|   ;
|   return 0;
| }
configure:17672: result: yes
configure:17683: checking whether struct tm is in sys/time.h or time.h
configure:17703: gcc -std=gnu99 -c -g -O2  conftest.c >&5
configure:17703: $? = 0
configure:17710: result: time.h
configure:17721: checking for library containing pow
configure:17752: gcc -std=gnu99 -o conftest -g -O2   conftest.c  >&5
conftest.c:43:6: warning: conflicting types for built-in function 'pow'
 char pow ();
      ^
configure:17752: $? = 0
configure:17769: result: none required
configure:17780: checking for floor
configure:17780: gcc -std=gnu99 -o conftest -g -O2   conftest.c  >&5
conftest.c:59:6: warning: conflicting types for built-in function 'floor'
 char floor ();
      ^
configure:17780: $? = 0
configure:17780: result: yes
configure:17780: checking for fmax
configure:17780: gcc -std=gnu99 -o conftest -g -O2   conftest.c  >&5
conftest.c:60:6: warning: conflicting types for built-in function 'fmax'
 char fmax ();
      ^
configure:17780: $? = 0
configure:17780: result: yes
configure:17780: checking for fmin
configure:17780: gcc -std=gnu99 -o conftest -g -O2   conftest.c  >&5
conftest.c:61:6: warning: conflicting types for built-in function 'fmin'
 char fmin ();
      ^
configure:17780: $? = 0
configure:17780: result: yes
configure:17780: checking for ftime
configure:17780: gcc -std=gnu99 -o conftest -g -O2   conftest.c  >&5
configure:17780: $? = 0
configure:17780: result: yes
configure:17780: checking for pow
configure:17780: gcc -std=gnu99 -o conftest -g -O2   conftest.c  >&5
conftest.c:63:6: warning: conflicting types for built-in function 'pow'
 char pow ();
      ^
configure:17780: $? = 0
configure:17780: result: yes
configure:17780: checking for sqrt
configure:17780: gcc -std=gnu99 -o conftest -g -O2   conftest.c  >&5
conftest.c:64:6: warning: conflicting types for built-in function 'sqrt'
 char sqrt ();
      ^
configure:17780: $? = 0
configure:17780: result: yes
configure:17780: checking for cbrt
configure:17780: gcc -std=gnu99 -o conftest -g -O2   conftest.c  >&5
conftest.c:65:6: warning: conflicting types for built-in function 'cbrt'
 char cbrt ();
      ^
configure:17780: $? = 0
configure:17780: result: yes
configure:17780: checking for strchr
configure:17780: gcc -std=gnu99 -o conftest -g -O2   conftest.c  >&5
conftest.c:66:6: warning: conflicting types for built-in function 'strchr'
 char strchr ();
      ^
configure:17780: $? = 0
configure:17780: result: yes
configure:17780: checking for strtol
configure:17780: gcc -std=gnu99 -o conftest -g -O2   conftest.c  >&5
configure:17780: $? = 0
configure:17780: result: yes
configure:17780: checking for trunc
configure:17780: gcc -std=gnu99 -o conftest -g -O2   conftest.c  >&5
conftest.c:68:6: warning: conflicting types for built-in function 'trunc'
 char trunc ();
      ^
configure:17780: $? = 0
configure:17780: result: yes
configure:17813: checking for stdlib.h
configure:17813: result: yes
configure:17823: checking for GNU libc compatible malloc
configure:17847: gcc -std=gnu99 -o conftest -g -O2   conftest.c  >&5
configure:17847: $? = 0
configure:17847: ./conftest
configure:17847: $? = 0
configure:17857: result: yes
configure:17880: checking for stdlib.h
configure:17880: result: yes
configure:17890: checking for GNU libc compatible realloc
configure:17914: gcc -std=gnu99 -o conftest -g -O2   conftest.c  >&5
configure:17914: $? = 0
configure:17914: ./conftest
configure:17914: $? = 0
configure:17924: result: yes
configure:17953: checking whether to use calloc or malloc for memory allocation
configure:17964: result: calloc
configure:17974: checking whether to enable atrig/erf functions
configure:17983: result: no
configure:17993: checking whether to use 32-bit or 64-bit locations
configure:18009: result: 32-bit
configure:18014: checking whether to use single or double precision
configure:18031: result: double
configure:18035: checking whether to enable advanced branching operations
configure:18044: result: no
configure:18054: checking whether to enable reference counting for tapeless numbers
configure:18063: result: no
configure:18073: checking whether to enable activity tracking
configure:18082: result: no
configure:18091: checking whether to use ADOL-C debug mode
configure:18103: result: no
configure:18109: checking whether to use ADOL-C hard debug mode
configure:18121: result: no
configure:18140: checking whether the default adouble constructor should initialize the value to 0
configure:18152: result: yes
configure:18164: checking whether the adouble variables have a late initialize option for functions like malloc/realloc
configure:18176: result: no
configure:18188: checking whether errno is thread save
configure:18200: result: no
configure:18212: checking which flag to use to enable OpenMP
configure:18222: result: none
configure:18275: checking for boostlib >= 1.54
configure:18358: g++ -c -g -O2 -std=c++11  -I/opt/local/include conftest.cpp >&5
configure:18358: $? = 0
configure:18360: result: yes
configure:18517: checking boost/pool/pool_alloc.hpp usability
configure:18517: g++ -c -g -O2 -std=c++11  -I/opt/local/include conftest.cpp >&5
configure:18517: $? = 0
configure:18517: result: yes
configure:18517: checking boost/pool/pool_alloc.hpp presence
configure:18517: g++ -E  -I/opt/local/include conftest.cpp
configure:18517: $? = 0
configure:18517: result: yes
configure:18517: checking for boost/pool/pool_alloc.hpp
configure:18517: result: yes
configure:18565: checking whether the Boost::System library is available
configure:18589: g++ -c -g -O2 -std=c++11  -I/opt/local/include -I/opt/local/include conftest.cpp >&5
configure:18589: $? = 0
configure:18604: result: yes
configure:18619: checking for exit in -lboost_system-mt
configure:18644: gcc -std=gnu99 -o conftest -g -O2  -I/opt/local/include -I/opt/local/include  -L/opt/local/lib conftest.c -lboost_system-mt   >&5
conftest.c:65:6: warning: conflicting types for built-in function 'exit'
 char exit ();
      ^
configure:18644: $? = 0
configure:18654: result: yes
configure:18793: checking whether to build sparse drivers
configure:18802: result: no
configure:18843: checking ColPack/ColPackHeaders.h usability
configure:18843: g++ -c -g -O2 -std=c++11   -I/opt/local/include  conftest.cpp >&5
conftest.cpp:92:36: fatal error: ColPack/ColPackHeaders.h: No such file or directory
 #include <ColPack/ColPackHeaders.h>
                                    ^
compilation terminated.
configure:18843: $? = 1
configure: failed program was:
| /* confdefs.h */
| #define PACKAGE_NAME "adolc"
| #define PACKAGE_TARNAME "adolc"
| #define PACKAGE_VERSION "2.7.0-trunk"
| #define PACKAGE_STRING "adolc 2.7.0-trunk"
| #define PACKAGE_BUGREPORT "adol-c@list.coin-or.org"
| #define PACKAGE_URL ""
| #define PACKAGE "adolc"
| #define VERSION "2.7.0-trunk"
| #define HAVE_CXX11 1
| #define STDC_HEADERS 1
| #define HAVE_SYS_TYPES_H 1
| #define HAVE_SYS_STAT_H 1
| #define HAVE_STDLIB_H 1
| #define HAVE_STRING_H 1
| #define HAVE_MEMORY_H 1
| #define HAVE_STRINGS_H 1
| #define HAVE_INTTYPES_H 1
| #define HAVE_STDINT_H 1
| #define HAVE_UNISTD_H 1
| #define HAVE_DLFCN_H 1
| #define LT_OBJDIR ".libs/"
| #define SIZEOF_VOID_P 8
| #define HAVE_BUILTIN_EXPECT 1
| #define STDC_HEADERS 1
| #define TIME_WITH_SYS_TIME 1
| #define HAVE__BOOL 1
| #define HAVE_STDBOOL_H 1
| #define HAVE_STDDEF_H 1
| #define HAVE_STDLIB_H 1
| #define HAVE_STDIO_H 1
| #define HAVE_STRING_H 1
| #define HAVE_UNISTD_H 1
| #define HAVE_SYS_TIMEB_H 1
| #define HAVE_FLOOR 1
| #define HAVE_FMAX 1
| #define HAVE_FMIN 1
| #define HAVE_FTIME 1
| #define HAVE_POW 1
| #define HAVE_SQRT 1
| #define HAVE_CBRT 1
| #define HAVE_STRCHR 1
| #define HAVE_STRTOL 1
| #define HAVE_TRUNC 1
| #define ADOLC_VERSION 2
| #define ADOLC_SUBVERSION 7
| #define ADOLC_PATCHLEVEL 0
| #define HAVE_STDLIB_H 1
| #define HAVE_MALLOC 1
| #define HAVE_STDLIB_H 1
| #define HAVE_REALLOC 1
| #define ADOLC_USE_CALLOC 1
| #define ADOLC_ADOUBLE_STDCZERO 1
| #define HAVE_BOOST /**/
| #define HAVE_BOOST_POOL_POOL_ALLOC_HPP 1
| #define HAVE_BOOST_SYSTEM /**/
| #define BOOST_POOL_NO_MT 1
| /* end confdefs.h.  */
| #include <stdio.h>
| #ifdef HAVE_SYS_TYPES_H
| # include <sys/types.h>
| #endif
| #ifdef HAVE_SYS_STAT_H
| # include <sys/stat.h>
| #endif
| #ifdef STDC_HEADERS
| # include <stdlib.h>
| # include <stddef.h>
| #else
| # ifdef HAVE_STDLIB_H
| #  include <stdlib.h>
| # endif
| #endif
| #ifdef HAVE_STRING_H
| # if !defined STDC_HEADERS && defined HAVE_MEMORY_H
| #  include <memory.h>
| # endif
| # include <string.h>
| #endif
| #ifdef HAVE_STRINGS_H
| # include <strings.h>
| #endif
| #ifdef HAVE_INTTYPES_H
| # include <inttypes.h>
| #endif
| #ifdef HAVE_STDINT_H
| # include <stdint.h>
| #endif
| #ifdef HAVE_UNISTD_H
| # include <unistd.h>
| #endif
| #include <ColPack/ColPackHeaders.h>
configure:18843: result: no
configure:18843: checking ColPack/ColPackHeaders.h presence
configure:18843: g++ -E  -I/opt/local/include  conftest.cpp
conftest.cpp:59:36: fatal error: ColPack/ColPackHeaders.h: No such file or directory
 #include <ColPack/ColPackHeaders.h>
                                    ^
compilation terminated.
configure:18843: $? = 1
configure: failed program was:
| /* confdefs.h */
| #define PACKAGE_NAME "adolc"
| #define PACKAGE_TARNAME "adolc"
| #define PACKAGE_VERSION "2.7.0-trunk"
| #define PACKAGE_STRING "adolc 2.7.0-trunk"
| #define PACKAGE_BUGREPORT "adol-c@list.coin-or.org"
| #define PACKAGE_URL ""
| #define PACKAGE "adolc"
| #define VERSION "2.7.0-trunk"
| #define HAVE_CXX11 1
| #define STDC_HEADERS 1
| #define HAVE_SYS_TYPES_H 1
| #define HAVE_SYS_STAT_H 1
| #define HAVE_STDLIB_H 1
| #define HAVE_STRING_H 1
| #define HAVE_MEMORY_H 1
| #define HAVE_STRINGS_H 1
| #define HAVE_INTTYPES_H 1
| #define HAVE_STDINT_H 1
| #define HAVE_UNISTD_H 1
| #define HAVE_DLFCN_H 1
| #define LT_OBJDIR ".libs/"
| #define SIZEOF_VOID_P 8
| #define HAVE_BUILTIN_EXPECT 1
| #define STDC_HEADERS 1
| #define TIME_WITH_SYS_TIME 1
| #define HAVE__BOOL 1
| #define HAVE_STDBOOL_H 1
| #define HAVE_STDDEF_H 1
| #define HAVE_STDLIB_H 1
| #define HAVE_STDIO_H 1
| #define HAVE_STRING_H 1
| #define HAVE_UNISTD_H 1
| #define HAVE_SYS_TIMEB_H 1
| #define HAVE_FLOOR 1
| #define HAVE_FMAX 1
| #define HAVE_FMIN 1
| #define HAVE_FTIME 1
| #define HAVE_POW 1
| #define HAVE_SQRT 1
| #define HAVE_CBRT 1
| #define HAVE_STRCHR 1
| #define HAVE_STRTOL 1
| #define HAVE_TRUNC 1
| #define ADOLC_VERSION 2
| #define ADOLC_SUBVERSION 7
| #define ADOLC_PATCHLEVEL 0
| #define HAVE_STDLIB_H 1
| #define HAVE_MALLOC 1
| #define HAVE_STDLIB_H 1
| #define HAVE_REALLOC 1
| #define ADOLC_USE_CALLOC 1
| #define ADOLC_ADOUBLE_STDCZERO 1
| #define HAVE_BOOST /**/
| #define HAVE_BOOST_POOL_POOL_ALLOC_HPP 1
| #define HAVE_BOOST_SYSTEM /**/
| #define BOOST_POOL_NO_MT 1
| /* end confdefs.h.  */
| #include <ColPack/ColPackHeaders.h>
configure:18843: result: no
configure:18843: checking for ColPack/ColPackHeaders.h
configure:18843: result: no
configure:18942: checking whether to build documented examples
configure:18951: result: no
configure:18964: checking whether to build additional examples
configure:18973: result: no
configure:18986: checking whether to build parallel example
configure:18995: result: no
configure:19009: checking which CFLAGS to use
configure:19036: result: -O2 
configure:19041: checking which CXXFLAGS to use
configure:19067: result: -O2 
configure:19242: checking whether tape_doc should compute values as it prints the tape contents
configure:19255: result: yes
configure:19394: checking that generated files are newer than configure
configure:19400: result: done
configure:19459: creating ./config.status

## ---------------------- ##
## Running config.status. ##
## ---------------------- ##

This file was extended by adolc config.status 2.7.0-trunk, which was
generated by GNU Autoconf 2.69.  Invocation command line was

  CONFIG_FILES    = 
  CONFIG_HEADERS  = 
  CONFIG_LINKS    = 
  CONFIG_COMMANDS = 
  $ ./config.status 

on adria-3902.local

config.status:1265: creating Makefile
config.status:1265: creating ADOL-C/Makefile
config.status:1265: creating ADOL-C/include/Makefile
config.status:1265: creating ADOL-C/include/adolc/Makefile
config.status:1265: creating ADOL-C/include/adolc/internal/adolc_settings.h
config.status:1265: creating ADOL-C/include/adolc/drivers/Makefile
config.status:1265: creating ADOL-C/include/adolc/internal/Makefile
config.status:1265: creating ADOL-C/include/adolc/lie/Makefile
config.status:1265: creating ADOL-C/include/adolc/sparse/Makefile
config.status:1265: creating ADOL-C/include/adolc/tapedoc/Makefile
config.status:1265: creating ADOL-C/src/Makefile
config.status:1265: creating ADOL-C/src/drivers/Makefile
config.status:1265: creating ADOL-C/src/lie/Makefile
config.status:1265: creating ADOL-C/src/sparse/Makefile
config.status:1265: creating ADOL-C/src/tapedoc/Makefile
config.status:1265: creating ADOL-C/doc/version.tex
config.status:1265: creating ADOL-C/examples/Makefile
config.status:1265: creating ADOL-C/examples/additional_examples/Makefile
config.status:1265: creating ADOL-C/examples/additional_examples/cuda/Makefile
config.status:1265: creating ADOL-C/examples/additional_examples/clock/Makefile
config.status:1265: creating ADOL-C/examples/additional_examples/checkpointing/Makefile
config.status:1265: creating ADOL-C/examples/additional_examples/ext_diff_func/Makefile
config.status:1265: creating ADOL-C/examples/additional_examples/fixpoint_exam/Makefile
config.status:1265: creating ADOL-C/examples/additional_examples/hessmat/Makefile
config.status:1265: creating ADOL-C/examples/additional_examples/lie/Makefile
config.status:1265: creating ADOL-C/examples/additional_examples/lufact/Makefile
config.status:1265: creating ADOL-C/examples/additional_examples/openmp_exam/Makefile
config.status:1265: creating ADOL-C/examples/additional_examples/scal/Makefile
config.status:1265: creating ADOL-C/examples/additional_examples/speelpenning/Makefile
config.status:1265: creating ADOL-C/examples/additional_examples/taylor/Makefile
config.status:1265: creating ADOL-C/examples/additional_examples/detexam/Makefile
config.status:1265: creating ADOL-C/examples/additional_examples/helm/Makefile
config.status:1265: creating ADOL-C/examples/additional_examples/lighthouse/Makefile
config.status:1265: creating ADOL-C/examples/additional_examples/ode/Makefile
config.status:1265: creating ADOL-C/examples/additional_examples/sparse/Makefile
config.status:1265: creating ADOL-C/examples/additional_examples/tapesave/Makefile
config.status:1265: creating ADOL-C/examples/additional_examples/pow/Makefile
config.status:1265: creating ADOL-C/examples/additional_examples/timing/Makefile
config.status:1265: creating ADOL-C/examples/additional_examples/param/Makefile
config.status:1265: creating ADOL-C/test/Makefile
config.status:1265: creating ADOL-C/swig/Makefile
config.status:1265: creating MSVisualStudio/v14/sparse/config.h
config.status:1265: creating MSVisualStudio/v14/nosparse/config.h
config.status:1265: creating MSVisualStudio/v14/x64/sparse/config.h
config.status:1265: creating MSVisualStudio/v14/x64/nosparse/config.h
config.status:1265: creating adolc.spec
config.status:1265: creating adolclib.pc
config.status:1265: creating ADOL-C/src/config.h
config.status:1446: ADOL-C/src/config.h is unchanged
config.status:1494: executing depfiles commands
config.status:1494: executing libtool commands
configure:21944: Applying patches to libtool for GNU compiler

## ---------------- ##
## Cache variables. ##
## ---------------- ##

ac_cv_build=x86_64-apple-darwin16.7.0
ac_cv_c_compiler_gnu=yes
ac_cv_c_const=yes
ac_cv_c_inline=inline
ac_cv_cxx_compiler_gnu=yes
ac_cv_env_CCC_set=
ac_cv_env_CCC_value=
ac_cv_env_CC_set=
ac_cv_env_CC_value=
ac_cv_env_CFLAGS_set=
ac_cv_env_CFLAGS_value=
ac_cv_env_CPPFLAGS_set=
ac_cv_env_CPPFLAGS_value=
ac_cv_env_CPP_set=
ac_cv_env_CPP_value=
ac_cv_env_CXXCPP_set=
ac_cv_env_CXXCPP_value=
ac_cv_env_CXXFLAGS_set=
ac_cv_env_CXXFLAGS_value=
ac_cv_env_CXX_set=
ac_cv_env_CXX_value=
ac_cv_env_LDFLAGS_set=
ac_cv_env_LDFLAGS_value=
ac_cv_env_LIBS_set=
ac_cv_env_LIBS_value=
ac_cv_env_LT_SYS_LIBRARY_PATH_set=
ac_cv_env_LT_SYS_LIBRARY_PATH_value=
ac_cv_env_build_alias_set=
ac_cv_env_build_alias_value=
ac_cv_env_host_alias_set=
ac_cv_env_host_alias_value=
ac_cv_env_target_alias_set=
ac_cv_env_target_alias_value=
ac_cv_func_cbrt=yes
ac_cv_func_floor=yes
ac_cv_func_fmax=yes
ac_cv_func_fmin=yes
ac_cv_func_ftime=yes
ac_cv_func_malloc_0_nonnull=yes
ac_cv_func_pow=yes
ac_cv_func_realloc_0_nonnull=yes
ac_cv_func_sqrt=yes
ac_cv_func_strchr=yes
ac_cv_func_strtol=yes
ac_cv_func_trunc=yes
ac_cv_header_ColPack_ColPackHeaders_h=no
ac_cv_header_boost_pool_pool_alloc_hpp=yes
ac_cv_header_dlfcn_h=yes
ac_cv_header_inttypes_h=yes
ac_cv_header_memory_h=yes
ac_cv_header_stdbool_h=yes
ac_cv_header_stdc=yes
ac_cv_header_stddef_h=yes
ac_cv_header_stdint_h=yes
ac_cv_header_stdio_h=yes
ac_cv_header_stdlib_h=yes
ac_cv_header_string_h=yes
ac_cv_header_strings_h=yes
ac_cv_header_sys_stat_h=yes
ac_cv_header_sys_timeb_h=yes
ac_cv_header_sys_types_h=yes
ac_cv_header_time=yes
ac_cv_header_unistd_h=yes
ac_cv_host=x86_64-apple-darwin16.7.0
ac_cv_lib_boost_system_mt___exit=yes
ac_cv_lib_dl_dlopen=yes
ac_cv_objext=o
ac_cv_path_EGREP='/usr/bin/grep -E'
ac_cv_path_FGREP='/usr/bin/grep -F'
ac_cv_path_GREP=/usr/bin/grep
ac_cv_path_SED=/usr/bin/sed
ac_cv_path_install='/usr/bin/install -c'
ac_cv_path_lt_DD=/bin/dd
ac_cv_path_mkdir=/usr/local/bin/gmkdir
ac_cv_prog_AWK=awk
ac_cv_prog_CPP='gcc -std=gnu99 -E'
ac_cv_prog_CXXCPP='g++ -E'
ac_cv_prog_ac_ct_AR=ar
ac_cv_prog_ac_ct_CC=gcc
ac_cv_prog_ac_ct_CXX=g++
ac_cv_prog_ac_ct_DSYMUTIL=dsymutil
ac_cv_prog_ac_ct_LIPO=lipo
ac_cv_prog_ac_ct_NMEDIT=nmedit
ac_cv_prog_ac_ct_OBJDUMP=objdump
ac_cv_prog_ac_ct_OTOOL=otool
ac_cv_prog_ac_ct_RANLIB=ranlib
ac_cv_prog_ac_ct_STRIP=strip
ac_cv_prog_cc_c89=
ac_cv_prog_cc_c99=-std=gnu99
ac_cv_prog_cc_g=yes
ac_cv_prog_cc_gcc_c_o=yes
ac_cv_prog_cxx_g=yes
ac_cv_prog_make_make_set=yes
ac_cv_search_pow='none required'
ac_cv_sizeof_void_p=8
ac_cv_struct_tm=time.h
ac_cv_type__Bool=yes
ac_cv_type_size_t=yes
am_cv_CC_dependencies_compiler_type=gcc3
am_cv_CXX_dependencies_compiler_type=gcc3
am_cv_make_support_nested_variables=yes
am_cv_prog_cc_c_o=yes
ax_cv_boost_system=yes
ax_cv_cxx_compile_cxx11=no
ax_cv_cxx_compile_cxx11__std_cpp11=yes
lt_cv_apple_cc_single_mod=yes
lt_cv_ar_at_file=no
lt_cv_deplibs_check_method=pass_all
lt_cv_dlopen=dlopen
lt_cv_dlopen_libs=-ldl
lt_cv_dlopen_self=yes
lt_cv_dlopen_self_static=yes
lt_cv_file_magic_cmd='$MAGIC_CMD'
lt_cv_file_magic_test_file=
lt_cv_ld_exported_symbols_list=yes
lt_cv_ld_force_load=yes
lt_cv_ld_reload_flag=-r
lt_cv_nm_interface='BSD nm'
lt_cv_objdir=.libs
lt_cv_path_LD=/opt/local/bin/ld
lt_cv_path_LDCXX=/opt/local/bin/ld
lt_cv_path_NM='/opt/local/bin/nm -B'
lt_cv_path_mainfest_tool=no
lt_cv_prog_compiler_c_o=yes
lt_cv_prog_compiler_c_o_CXX=yes
lt_cv_prog_compiler_pic='-fno-common -DPIC'
lt_cv_prog_compiler_pic_CXX='-fno-common -DPIC'
lt_cv_prog_compiler_pic_works=yes
lt_cv_prog_compiler_pic_works_CXX=yes
lt_cv_prog_compiler_rtti_exceptions=no
lt_cv_prog_compiler_static_works=no
lt_cv_prog_compiler_static_works_CXX=no
lt_cv_prog_gnu_ld=no
lt_cv_prog_gnu_ldcxx=no
lt_cv_sharedlib_from_linklib_cmd='printf %s\n'
lt_cv_sys_global_symbol_pipe='sed -n -e '\''s/^.*[	 ]\([BCDEGRST][BCDEGRST]*\)[	 ][	 ]*_\([_A-Za-z][_A-Za-z0-9]*\)$/\1 _\2 \2/p'\'' | sed '\''/ __gnu_lto/d'\'''
lt_cv_sys_global_symbol_to_c_name_address='sed -n -e '\''s/^: \(.*\) .*$/  {"\1", (void *) 0},/p'\'' -e '\''s/^[BCDEGRST][BCDEGRST]* .* \(.*\)$/  {"\1", (void *) \&\1},/p'\'''
lt_cv_sys_global_symbol_to_c_name_address_lib_prefix='sed -n -e '\''s/^: \(.*\) .*$/  {"\1", (void *) 0},/p'\'' -e '\''s/^[BCDEGRST][BCDEGRST]* .* \(lib.*\)$/  {"\1", (void *) \&\1},/p'\'' -e '\''s/^[BCDEGRST][BCDEGRST]* .* \(.*\)$/  {"lib\1", (void *) \&\1},/p'\'''
lt_cv_sys_global_symbol_to_cdecl='sed -n -e '\''s/^T .* \(.*\)$/extern int \1();/p'\'' -e '\''s/^[BCDEGRST][BCDEGRST]* .* \(.*\)$/extern char \1;/p'\'''
lt_cv_sys_global_symbol_to_import=
lt_cv_sys_max_cmd_len=196608
lt_cv_to_host_file_cmd=func_convert_file_noop
lt_cv_to_tool_file_cmd=func_convert_file_noop
lt_cv_truncate_bin='/bin/dd bs=4096 count=1'

## ----------------- ##
## Output variables. ##
## ----------------- ##

ACLOCAL='${SHELL} /Users/barbic/teaching/cs520-s19/assign3/code/adolc/sourceCode/autoconf/missing aclocal-1.15'
ADDEXA_FALSE=''
ADDEXA_TRUE='#'
ADOLC_PATCHLEVEL='0'
ADOLC_SUBVERSION='7'
ADOLC_VERSION='2'
ADTL_REFCNT='#undef USE_ADTL_REFCOUNTING'
ADVBRANCH='#undef ADOLC_ADVANCED_BRANCHING'
AMDEPBACKSLASH='\'
AMDEP_FALSE='#'
AMDEP_TRUE=''
AMTAR='$${TAR-tar}'
AM_BACKSLASH='\'
AM_DEFAULT_V='$(AM_DEFAULT_VERBOSITY)'
AM_DEFAULT_VERBOSITY='0'
AM_V='$(V)'
AR='ar'
AS='as'
ATRIG_ERF='#undef ATRIG_ERF'
AUTOCONF='${SHELL} /Users/barbic/teaching/cs520-s19/assign3/code/adolc/sourceCode/autoconf/missing autoconf'
AUTOHEADER='${SHELL} /Users/barbic/teaching/cs520-s19/assign3/code/adolc/sourceCode/autoconf/missing autoheader'
AUTOMAKE='${SHELL} /Users/barbic/teaching/cs520-s19/assign3/code/adolc/sourceCode/autoconf/missing automake-1.15'
AWK='awk'
BOOST_CPPFLAGS='-I/opt/local/include'
BOOST_LDFLAGS='-L/opt/local/lib'
BOOST_SYSTEM_LIB='-lboost_system-mt'
BUILD_ADOLC_AMPI_SUPPORT_FALSE=''
BUILD_ADOLC_AMPI_SUPPORT_TRUE='#'
BUILD_ADOLC_MEDIPACK_SUPPORT_FALSE=''
BUILD_ADOLC_MEDIPACK_SUPPORT_TRUE='#'
CC='gcc -std=gnu99'
CCDEPMODE='depmode=gcc3'
CFLAGS='-g -O2'
CPP='gcc -std=gnu99 -E'
CPPFLAGS=' -I/opt/local/include'
CXX='g++'
CXXCPP='g++ -E'
CXXDEPMODE='depmode=gcc3'
CXXFLAGS='-g -O2 -std=c++11'
CYGPATH_W='echo'
DARWIN_FALSE=''
DARWIN_TRUE='#'
DEFS='-DHAVE_CONFIG_H'
DEPDIR='.deps'
DLLTOOL='false'
DOCEXA_FALSE=''
DOCEXA_TRUE='#'
DSYMUTIL='dsymutil'
DUMPBIN=''
ECHO_C='\c'
ECHO_N=''
ECHO_T=''
EGREP='/usr/bin/grep -E'
EXEEXT=''
FGREP='/usr/bin/grep -F'
GREP='/usr/bin/grep'
HAVE_CXX11='1'
HAVE_LIBCOLPACK_FALSE=''
HAVE_LIBCOLPACK_TRUE='#'
INSTALL_DATA='${INSTALL} -m 644'
INSTALL_PROGRAM='${INSTALL}'
INSTALL_SCRIPT='${INSTALL}'
INSTALL_STRIP_PROGRAM='$(install_sh) -c -s'
LD='/opt/local/bin/ld'
LDFLAGS=' -L/opt/local/lib -lboost_system-mt'
LIBOBJS=''
LIBS=''
LIBTOOL='$(SHELL) $(top_builddir)/libtool'
LIPO='lipo'
LN_S='ln -s'
LTLIBOBJS=''
LT_SYS_LIBRARY_PATH=''
MAKEINFO='${SHELL} /Users/barbic/teaching/cs520-s19/assign3/code/adolc/sourceCode/autoconf/missing makeinfo'
MANIFEST_TOOL=':'
MKDIR_P='/usr/local/bin/gmkdir -p'
NM='/opt/local/bin/nm -B'
NMEDIT='nmedit'
OBJDUMP='objdump'
OBJEXT='o'
OTOOL64=':'
OTOOL='otool'
PACKAGE='adolc'
PACKAGE_BUGREPORT='adol-c@list.coin-or.org'
PACKAGE_NAME='adolc'
PACKAGE_STRING='adolc 2.7.0-trunk'
PACKAGE_TARNAME='adolc'
PACKAGE_URL=''
PACKAGE_VERSION='2.7.0-trunk'
PAREXA_FALSE=''
PAREXA_TRUE='#'
PATH_SEPARATOR=':'
RANLIB='ranlib'
REAL_TYPE='double'
SED='/usr/bin/sed'
SET_MAKE=''
SHELL='/bin/sh'
SPARSE_DRIVERS='#undef SPARSE_DRIVERS'
SPARSE_FALSE=''
SPARSE_TRUE='#'
STRIP='strip'
UINT_TYPE='uint32_t'
USE_BOOST_POOL='#define USE_BOOST_POOL 1'
VERSION='2.7.0-trunk'
_lib='lib64'
ac_adolc_cflags='-O2 '
ac_adolc_cxxflags='-O2 '
ac_aux_dir='autoconf'
ac_ct_AR='ar'
ac_ct_CC='gcc'
ac_ct_CXX='g++'
ac_ct_DUMPBIN=''
adolclib='adolc'
am__EXEEXT_FALSE=''
am__EXEEXT_TRUE='#'
am__fastdepCC_FALSE='#'
am__fastdepCC_TRUE=''
am__fastdepCXX_FALSE='#'
am__fastdepCXX_TRUE=''
am__include='include'
am__isrc=''
am__leading_dot='.'
am__nodep='_no'
am__quote=''
am__tar='$${TAR-tar} chof - "$$tardir"'
am__untar='$${TAR-tar} xf -'
bindir='${exec_prefix}/bin'
build='x86_64-apple-darwin16.7.0'
build_alias=''
build_cpu='x86_64'
build_os='darwin16.7.0'
build_vendor='apple'
datadir='${datarootdir}'
datarootdir='${prefix}/share'
docdir='${datarootdir}/doc/${PACKAGE_TARNAME}'
dvidir='${docdir}'
exec_prefix='${prefix}'
host='x86_64-apple-darwin16.7.0'
host_alias=''
host_cpu='x86_64'
host_os='darwin16.7.0'
host_vendor='apple'
htmldir='${docdir}'
includedir='${prefix}/include'
infodir='${datarootdir}/info'
install_sh='${SHELL} /Users/barbic/teaching/cs520-s19/assign3/code/adolc/sourceCode/autoconf/install-sh'
libdir='${exec_prefix}/lib64'
libexecdir='${exec_prefix}/libexec'
localedir='${datarootdir}/locale'
localstatedir='${prefix}/var'
mandir='${datarootdir}/man'
mkdir_p='$(MKDIR_P)'
oldincludedir='/usr/include'
pdfdir='${docdir}'
prefix='/Users/barbic/software/adolc_base'
program_transform_name='s,x,x,'
psdir='${docdir}'
saveCC='gcc -std=gnu99'
saveCXX='g++'
sbindir='${exec_prefix}/sbin'
sharedstatedir='${prefix}/com'
sysconfdir='${prefix}/etc'
target_alias=''

## ----------- ##
## confdefs.h. ##
## ----------- ##

/* confdefs.h */
#define PACKAGE_NAME "adolc"
#define PACKAGE_TARNAME "adolc"
#define PACKAGE_VERSION "2.7.0-trunk"
#define PACKAGE_STRING "adolc 2.7.0-trunk"
#define PACKAGE_BUGREPORT "adol-c@list.coin-or.org"
#define PACKAGE_URL ""
#define PACKAGE "adolc"
#define VERSION "2.7.0-trunk"
#define HAVE_CXX11 1
#define STDC_HEADERS 1
#define HAVE_SYS_TYPES_H 1
#define HAVE_SYS_STAT_H 1
#define HAVE_STDLIB_H 1
#define HAVE_STRING_H 1
#define HAVE_MEMORY_H 1
#define HAVE_STRINGS_H 1
#define HAVE_INTTYPES_H 1
#define HAVE_STDINT_H 1
#define HAVE_UNISTD_H 1
#define HAVE_DLFCN_H 1
#define LT_OBJDIR ".libs/"
#define SIZEOF_VOID_P 8
#define HAVE_BUILTIN_EXPECT 1
#define STDC_HEADERS 1
#define TIME_WITH_SYS_TIME 1
#define HAVE__BOOL 1
#define HAVE_STDBOOL_H 1
#define HAVE_STDDEF_H 1
#define HAVE_STDLIB_H 1
#define HAVE_STDIO_H 1
#define HAVE_STRING_H 1
#define HAVE_UNISTD_H 1
#define HAVE_SYS_TIMEB_H 1
#define HAVE_FLOOR 1
#define HAVE_FMAX 1
#define HAVE_FMIN 1
#define HAVE_FTIME 1
#define HAVE_POW 1
#define HAVE_SQRT 1
#define HAVE_CBRT 1
#define HAVE_STRCHR 1
#define HAVE_STRTOL 1
#define HAVE_TRUNC 1
#define ADOLC_VERSION 2
#define ADOLC_SUBVERSION 7
#define ADOLC_PATCHLEVEL 0
#define HAVE_STDLIB_H 1
#define HAVE_MALLOC 1
#define HAVE_STDLIB_H 1
#define HAVE_REALLOC 1
#define ADOLC_USE_CALLOC 1
#define ADOLC_ADOUBLE_STDCZERO 1
#define HAVE_BOOST /**/
#define HAVE_BOOST_POOL_POOL_ALLOC_HPP 1
#define HAVE_BOOST_SYSTEM /**/
#define BOOST_POOL_NO_MT 1
#define ADOLC_TAPE_DOC_VALUES 1

configure: exit 0

## ---------------------- ##
## Running config.status. ##
## ---------------------- ##

This file was extended by adolc config.status 2.7.0-trunk, which was
generated by GNU Autoconf 2.69.  Invocation command line was

  CONFIG_FILES    = 
  CONFIG_HEADERS  = 
  CONFIG_LINKS    = 
  CONFIG_COMMANDS = 
  $ ./config.status adolclib.pc

on adria-3902.local

config.status:1265: creating adolclib.pc

## ---------------------- ##
## Running config.status. ##
## ---------------------- ##

This file was extended by adolc config.status 2.7.0-trunk, which was
generated by GNU Autoconf 2.69.  Invocation command line was

  CONFIG_FILES    = 
  CONFIG_HEADERS  = 
  CONFIG_LINKS    = 
  CONFIG_COMMANDS = 
  $ ./config.status adolclib.pc

on adria-3902.local

config.status:1265: creating adolclib.pc
